  labirinto.cpp
c:\users\silve\source\repos\labirinth-modern-open-gl\opengllibraries\include\shader_m.h(56): warning C4101: 'e': unreferenced local variable
c:\users\silve\source\repos\labirinth-modern-open-gl\labirinto\generatelab.h(328): warning C4244: 'argument': conversion from 'time_t' to 'unsigned int', possible loss of data
c:\users\silve\source\repos\labirinth-modern-open-gl\labirinto\labirinto_code.h(276): warning C4244: '=': conversion from 'unsigned int' to 'T', possible loss of data
          with
          [
              T=float
          ]
c:\users\silve\source\repos\labirinth-modern-open-gl\labirinto\labirinto_code.h(277): warning C4244: '=': conversion from 'unsigned int' to 'T', possible loss of data
          with
          [
              T=float
          ]
c:\users\silve\source\repos\labirinth-modern-open-gl\labirinto\labirinto_code.h(306): warning C4305: 'argument': truncation from 'double' to 'GLfloat'
c:\users\silve\source\repos\labirinth-modern-open-gl\labirinto\labirinto_code.h(310): warning C4244: 'argument': conversion from 'double' to 'GLfloat', possible loss of data
c:\users\silve\source\repos\labirinth-modern-open-gl\labirinto\labirinto_code.h(314): warning C4305: 'argument': truncation from 'double' to 'GLfloat'
c:\users\silve\source\repos\labirinth-modern-open-gl\labirinto\labirinto_code.h(315): warning C4305: 'argument': truncation from 'double' to 'GLfloat'
c:\users\silve\source\repos\labirinth-modern-open-gl\labirinto\labirinto_code.h(324): warning C4305: 'argument': truncation from 'double' to 'GLfloat'
c:\users\silve\source\repos\labirinth-modern-open-gl\labirinto\labirinto_code.h(325): warning C4305: 'argument': truncation from 'double' to 'GLfloat'
c:\users\silve\source\repos\labirinth-modern-open-gl\labirinto\labirinto_code.h(404): warning C4244: 'argument': conversion from 'int' to 'float', possible loss of data
c:\users\silve\source\repos\labirinth-modern-open-gl\labirinto\labirinto_code.h(404): warning C4244: 'argument': conversion from 'double' to 'float', possible loss of data
c:\users\silve\source\repos\labirinth-modern-open-gl\labirinto\labirinto_code.h(484): warning C4244: 'initializing': conversion from 'double' to 'float', possible loss of data
c:\users\silve\source\repos\labirinth-modern-open-gl\labirinto\labirinto_code.h(604): warning C4244: 'argument': conversion from 'time_t' to 'unsigned int', possible loss of data
c:\users\silve\source\repos\labirinth-modern-open-gl\labirinto\labirinto_code.h(622): warning C4553: '==': result of expression not used; did you intend '='?
c:\users\silve\source\repos\labirinth-modern-open-gl\labirinto\labirinto_code.h(654): warning C4018: '<': signed/unsigned mismatch
c:\users\silve\source\repos\labirinth-modern-open-gl\labirinto\labirinto_code.h(655): warning C4018: '<': signed/unsigned mismatch
  Generating code
  1 of 1397 functions (<0.1%) were compiled, the rest were copied from previous compilation.
    0 functions were new in current compilation
    0 functions had inline decision re-evaluated but remain unchanged
  Finished generating code
  Labirinto.vcxproj -> C:\Users\silve\source\repos\labirinth-modern-open-gl\x64\Release\Labirinto.exe
