  labirinto.cpp
c:\users\silve\source\repos\labirinth-modern-open-gl\opengllibraries\include\shader_m.h(56): warning C4101: 'e': unreferenced local variable
c:\users\silve\source\repos\labirinth-modern-open-gl\labirinto\generatelab.h(325): warning C4244: 'argument': conversion from 'time_t' to 'unsigned int', possible loss of data
c:\users\silve\source\repos\labirinth-modern-open-gl\labirinto\labirinto.cpp(193): warning C4244: 'initializing': conversion from 'double' to 'float', possible loss of data
c:\users\silve\source\repos\labirinth-modern-open-gl\labirinto\labirinto.cpp(234): warning C4305: 'argument': truncation from 'double' to 'float'
c:\users\silve\source\repos\labirinth-modern-open-gl\labirinto\labirinto.cpp(436): warning C4244: '=': conversion from 'unsigned int' to 'T', possible loss of data
          with
          [
              T=float
          ]
c:\users\silve\source\repos\labirinth-modern-open-gl\labirinto\labirinto.cpp(437): warning C4244: '=': conversion from 'unsigned int' to 'T', possible loss of data
          with
          [
              T=float
          ]
c:\users\silve\source\repos\labirinth-modern-open-gl\labirinto\labirinto.cpp(526): warning C4305: 'argument': truncation from 'double' to 'float'
  Generating code
  11 of 1076 functions ( 1.0%) were compiled, the rest were copied from previous compilation.
    0 functions were new in current compilation
    0 functions had inline decision re-evaluated but remain unchanged
  Finished generating code
  Labirinto.vcxproj -> C:\Users\silve\source\repos\labirinth-modern-open-gl\x64\Release\Labirinto.exe
