  labirinto.cpp
c:\users\silve\source\repos\labirinth-modern-open-gl\opengllibraries\include\shader_m.h(56): warning C4101: 'e': unreferenced local variable
c:\users\silve\source\repos\labirinth-modern-open-gl\labirinto\generatelab.h(328): warning C4244: 'argument': conversion from 'time_t' to 'unsigned int', possible loss of data
c:\users\silve\source\repos\labirinth-modern-open-gl\labirinto\labirinto_code.h(304): warning C4244: '=': conversion from 'unsigned int' to 'T', possible loss of data
          with
          [
              T=float
          ]
c:\users\silve\source\repos\labirinth-modern-open-gl\labirinto\labirinto_code.h(305): warning C4244: '=': conversion from 'unsigned int' to 'T', possible loss of data
          with
          [
              T=float
          ]
c:\users\silve\source\repos\labirinth-modern-open-gl\labirinto\labirinto_code.h(334): warning C4305: 'argument': truncation from 'double' to 'GLfloat'
c:\users\silve\source\repos\labirinth-modern-open-gl\labirinto\labirinto_code.h(338): warning C4244: 'argument': conversion from 'double' to 'GLfloat', possible loss of data
c:\users\silve\source\repos\labirinth-modern-open-gl\labirinto\labirinto_code.h(342): warning C4305: 'argument': truncation from 'double' to 'GLfloat'
c:\users\silve\source\repos\labirinth-modern-open-gl\labirinto\labirinto_code.h(343): warning C4305: 'argument': truncation from 'double' to 'GLfloat'
c:\users\silve\source\repos\labirinth-modern-open-gl\labirinto\labirinto_code.h(352): warning C4305: 'argument': truncation from 'double' to 'GLfloat'
c:\users\silve\source\repos\labirinth-modern-open-gl\labirinto\labirinto_code.h(353): warning C4305: 'argument': truncation from 'double' to 'GLfloat'
c:\users\silve\source\repos\labirinth-modern-open-gl\labirinto\labirinto_code.h(412): warning C4244: 'initializing': conversion from 'double' to 'float', possible loss of data
c:\users\silve\source\repos\labirinth-modern-open-gl\labirinto\labirinto_code.h(474): warning C4244: 'argument': conversion from 'int' to 'float', possible loss of data
c:\users\silve\source\repos\labirinth-modern-open-gl\labirinto\labirinto_code.h(474): warning C4244: 'argument': conversion from 'double' to 'float', possible loss of data
c:\users\silve\source\repos\labirinth-modern-open-gl\labirinto\labirinto_code.h(542): warning C4244: 'argument': conversion from 'time_t' to 'unsigned int', possible loss of data
c:\users\silve\source\repos\labirinth-modern-open-gl\labirinto\labirinto_code.h(560): warning C4553: '==': result of expression not used; did you intend '='?
c:\users\silve\source\repos\labirinth-modern-open-gl\labirinto\labirinto_code.h(606): warning C4018: '<': signed/unsigned mismatch
c:\users\silve\source\repos\labirinth-modern-open-gl\labirinto\labirinto_code.h(607): warning C4018: '<': signed/unsigned mismatch
  text_renderer.cpp
c:\users\silve\source\repos\labirinth-modern-open-gl\opengllibraries\include\shader_m.h(56): warning C4101: 'e': unreferenced local variable
c:\users\silve\source\repos\labirinth-modern-open-gl\labirinto\text_renderer.cpp(82): warning C4838: conversion from 'FT_Pos' to 'unsigned int' requires a narrowing conversion
  Generating Code...
  glad.c
  LINK : C:\Users\silve\source\repos\labirinth-modern-open-gl\x64\Debug\Labirinto.exe not found or not built by the last incremental link; performing full link
LINK : warning LNK4098: defaultlib 'MSVCRT' conflicts with use of other libs; use /NODEFAULTLIB:library
  Labirinto.vcxproj -> C:\Users\silve\source\repos\labirinth-modern-open-gl\x64\Debug\Labirinto.exe
